2024-06-09 21:06:34,831 - pyswarms.single.global_best - INFO - Optimize for 100 iters with {'c1': 0.5, 'c2': 0.3, 'w': 0.9}
2024-06-09 21:06:38,498 - pyswarms.single.global_best - INFO - Optimization finished | best cost: 0.04971575677398199, best pos: [ 1.66268616 -1.30229887  0.71667136  1.35532901  1.27432054  0.24192366
  0.10952347  0.27001257 -0.62920701  0.56522329]
2024-06-09 21:07:55,206 - pyswarms.single.global_best - INFO - Optimize for 100 iters with {'c1': 0.5, 'c2': 0.3, 'w': 0.9}
2024-06-09 21:07:59,034 - pyswarms.single.global_best - INFO - Optimization finished | best cost: 0.015548038725502318, best pos: [-0.69674832 -0.83743579  0.39872913  0.09688354 -0.23686187  0.27315891
 -0.35741215 -0.23621157  0.18032426 -0.60570106]
2024-06-09 21:08:26,902 - pyswarms.single.global_best - INFO - Optimize for 100 iters with {'c1': 0.5, 'c2': 0.3, 'w': 0.9}
2024-06-09 21:08:30,851 - pyswarms.single.global_best - INFO - Optimization finished | best cost: 0.04775920125957416, best pos: [-0.09577032 -0.26639306  0.25857952 -0.78946305  1.05444288 -0.0191273
 -1.61483322  0.76133538  0.21914055 -1.26500545]
2024-06-09 21:09:14,745 - pyswarms.single.global_best - INFO - Optimize for 100 iters with {'c1': 0.5, 'c2': 0.3, 'w': 0.9}
2024-06-09 21:09:19,565 - pyswarms.single.global_best - INFO - Optimization finished | best cost: 1.1346799295489656, best pos: [ 0.21037908 -0.14716361  1.02040483  0.85420818  1.00478302 -0.77908008
 -0.33805747 -1.71805791 -0.28462081 -0.0307732   0.12697591  0.92228798
  0.94500511 -0.00460075 -1.82589034 -1.09693689 -0.70142977  0.09738582
  0.32919993  0.90896206  0.56950257  0.15245489  0.34069225  0.21973549
 -1.35861661  0.82252535  0.96693757 -0.31935552  0.20039199  0.2723578 ]
2024-06-09 21:09:58,427 - pyswarms.single.global_best - INFO - Optimize for 100 iters with {'c1': 0.5, 'c2': 0.3, 'w': 0.9}
2024-06-09 21:10:31,641 - pyswarms.single.global_best - INFO - Optimization finished | best cost: 50.83497939256069, best pos: [ 0.35467108 -0.31857117  0.97971904 -0.43587614  0.57450942 -0.10940725
  0.03470041  0.43473927 -0.25732853 -0.59402213 -0.83582998  0.78951915
 -1.38029915  0.20429313  0.52864955 -1.03658562 -0.55587724  1.57481016
  0.42270019  1.66578924  0.48497696 -0.23109536 -0.00960139 -0.75911159
 -0.44148196  0.30222145 -1.46656612 -0.74003401 -1.31786568 -0.27583061
  1.56159265  0.82634185  0.76317976  0.23687969 -0.31241508 -1.6819948
 -0.44176634 -0.71167344  0.22773453 -1.02138221  0.29677635  0.70022975
  0.32295266  0.13763573 -0.43531402 -0.13558073 -0.14048986  1.0179976
  0.79827195 -0.1809483 ]
2024-06-09 21:11:39,956 - pyswarms.single.global_best - INFO - Optimize for 100 iters with {'c1': 0.5, 'c2': 0.3, 'w': 0.9}
2024-06-09 21:12:53,192 - pyswarms.single.global_best - INFO - Optimization finished | best cost: 45.66866736270656, best pos: [-0.98447301  0.84536871 -0.17419944  0.74759896 -0.22588452  0.18595559
  0.49560123  0.86857093  0.13359089 -1.31224694  0.05914691  1.09150761
  1.03999127  1.97284816 -1.2870497   0.47477637 -0.53329513 -0.41891205
 -0.10425404  0.17230779 -0.86914991 -0.94948629  0.07227391 -0.26542371
  0.83114342 -1.16582234  0.74301961  0.89661024 -0.97857104 -0.70053096
  0.18916403  0.40970898 -0.2469317  -0.23087768 -0.81107125  0.59418263
 -0.42584071 -0.18618436 -0.02602691 -0.94718616  0.97464274 -0.3554114
  0.33659913 -1.72404081  1.47957648  0.62182453  0.45208404  0.55645417
  0.35600554 -1.13942057]
2024-06-09 21:14:36,174 - pyswarms.single.global_best - INFO - Optimize for 500 iters with {'c1': 0.5, 'c2': 0.3, 'w': 0.9}
2024-06-09 21:17:52,968 - pyswarms.single.global_best - INFO - Optimization finished | best cost: 0.5155401675130858, best pos: [-0.54151012  0.34804703  0.41811084  0.55243156  0.37090655 -0.59427578
  0.05717642 -0.51745358 -0.74168503 -0.5524321  -0.91743492  0.04853624
 -0.87189141  0.84481972  0.4281359  -0.13828602 -0.12384242  0.64760856
  0.1984359  -0.0156599   0.32523274 -0.36644756 -0.80215419  1.17349805
  0.95129018  0.29248506 -0.98182679 -0.63598035  0.96397983 -1.51585102
 -0.26954342  0.79275274  0.43421067  0.22413795  0.80151757 -1.24923783
 -0.11270622 -0.59985428  0.32401957 -0.60114743  0.12179168  1.368858
  0.18377757  0.56240295 -0.72100141 -0.23416862  0.09060543 -0.54219801
  0.92599253  0.05716964]
2024-06-09 21:20:45,025 - pyswarms.backend.generators - ERROR - Bounds and/or init_pos should be of size (100,)
Traceback (most recent call last):
  File "/home/agata/.local/lib/python3.10/site-packages/pyswarms/backend/generators.py", line 81, in generate_swarm
    pos = center * np.random.uniform(
  File "numpy/random/mtrand.pyx", line 1170, in numpy.random.mtrand.RandomState.uniform
  File "_common.pyx", line 600, in numpy.random._common.cont
  File "_common.pyx", line 517, in numpy.random._common.cont_broadcast_2
  File "__init__.cython-30.pxd", line 780, in numpy.PyArray_MultiIterNew3
ValueError: shape mismatch: objects cannot be broadcast to a single shape.  Mismatch is between arg 0 with shape (50, 100) and arg 1 with shape (50, 20).
