2024-06-09 21:21:23,161 - pyswarms.single.global_best - INFO - Optimize for 200 iters with {'c1': 0.5, 'c2': 0.3, 'w': 0.9}
2024-06-09 21:22:44,444 - pyswarms.single.global_best - INFO - Optimize for 200 iters with {'c1': 0.5, 'c2': 0.3, 'w': 0.9}
2024-06-09 21:23:42,111 - pyswarms.single.global_best - INFO - Optimization finished | best cost: 1.0, best pos: [2.62656795 0.41945233 0.2358152  1.05201192 1.01122997 1.18011104
 1.00693356 2.88269462 1.75407707 2.62463089 1.97333421 2.16095337
 0.79887338 2.6732752  2.85019542 1.3461404  0.40403852 2.82888502
 2.10539592 2.67156613]
2024-06-09 21:26:55,963 - pyswarms.single.global_best - INFO - Optimize for 200 iters with {'c1': 0.5, 'c2': 0.3, 'w': 0.9}
2024-06-09 21:27:11,742 - pyswarms.single.global_best - INFO - Optimize for 200 iters with {'c1': 0.5, 'c2': 0.3, 'w': 0.9}
2024-06-09 21:27:59,796 - pyswarms.single.global_best - INFO - Optimization finished | best cost: 13.0, best pos: [0.03734516 1.15702177 1.38425075 0.82004089 1.26865058 0.69032685
 1.05363961 0.76346509 0.87547222 0.53610624 0.89661572 1.43862511
 1.53365214 1.60095326 1.25632626 1.15446461 1.32054196 1.4004392
 1.29111184 1.57961186]
2024-06-09 21:30:44,936 - pyswarms.single.global_best - INFO - Optimize for 200 iters with {'c1': 0.5, 'c2': 0.3, 'w': 0.9}
2024-06-09 21:31:38,662 - pyswarms.single.global_best - INFO - Optimization finished | best cost: 1.0, best pos: [0.08381894 0.55465064 0.34651823 0.24193352 0.24432667 0.04512628
 0.28964047 0.56835985 0.45337589 0.8381725  0.2772977  0.37216812
 0.74472108 0.68830063 0.30023225 0.92734008 0.18160479 0.75595115
 0.29542643 0.61406315]
2024-06-09 21:32:30,567 - pyswarms.single.global_best - INFO - Optimize for 200 iters with {'c1': 0.5, 'c2': 0.3, 'w': 0.9}
2024-06-09 21:33:18,336 - pyswarms.single.global_best - INFO - Optimization finished | best cost: 13.0, best pos: [0.32951418 0.98632978 1.05692395 0.9911811  1.46661537 0.94610754
 1.00528785 0.99313143 0.76086078 0.85040273 0.98368602 1.05191329
 1.8955112  1.44418426 1.33926929 0.68258298 2.35057588 0.79095994
 0.85817817 0.59466917]
2024-06-10 15:58:53,792 - pyswarms.single.global_best - INFO - Optimize for 200 iters with {'c1': 0.5, 'c2': 0.3, 'w': 0.9}
2024-06-10 15:59:43,827 - pyswarms.single.global_best - INFO - Optimization finished | best cost: 13.0, best pos: [0.48269632 0.95767597 0.73287851 1.32026853 1.26259504 0.67495494
 0.69456844 0.97322877 1.23183544 0.91486703 1.35737269 1.06499767
 1.58140097 1.79294601 1.00526939 1.29565991 0.95347127 1.58630249
 0.72208374 1.10312838]
2024-06-10 16:00:51,955 - pyswarms.single.global_best - INFO - Optimize for 200 iters with {'c1': 0.5, 'c2': 0.3, 'w': 0.9}
2024-06-10 16:01:51,842 - pyswarms.single.global_best - INFO - Optimization finished | best cost: 13.0, best pos: [0.37210291 0.80673272 0.92124652 0.94116696 0.98955191 1.44880502
 1.0456662  0.70994207 1.00750244 0.86395721 1.13126279 0.88259581
 1.73680183 1.18301241 0.92032565 0.4915611  1.3483455  1.45896588
 0.68931584 1.1071081  1.2575308  0.86983569 0.13204134 0.27395079
 0.7065969  1.80166812 1.75159057 1.27964779 1.51668376 0.6638157 ]
2024-06-10 16:05:42,787 - pyswarms.single.global_best - INFO - Optimize for 200 iters with {'c1': 0.5, 'c2': 0.3, 'w': 0.9}
2024-06-10 16:06:39,996 - pyswarms.single.global_best - INFO - Optimization finished | best cost: 13.0, best pos: [0.45349003 0.50550682 0.80866004 0.67899012 0.94018911 1.11299829
 1.10399244 1.34778979 0.57392911 0.55101473 1.26896031 1.19678848
 1.55375149 0.74124199 1.22595374 0.56984291 1.66335282 0.96189968
 0.65658832 0.61379224 0.20819724 0.86954209 0.82192525 0.76196781
 0.62136345 0.67148612 0.88239048 1.43990156 0.27688926 1.10079017
 1.04939538 0.22408842 0.54950897 0.7705343  0.58651149 0.61207493
 1.36076076 1.33086097 0.58660487 2.03169641]
2024-06-10 16:07:25,070 - pyswarms.single.global_best - INFO - Optimize for 500 iters with {'c1': 0.5, 'c2': 0.3, 'w': 0.9}
2024-06-10 16:10:14,956 - pyswarms.single.global_best - INFO - Optimization finished | best cost: 2.306033229393035, best pos: [ 1.03488056  0.51027382 -0.87437605 -1.33797778  1.50561739 -0.41076543
 -1.52755138  0.26714253 -0.11585429  0.1377352   1.20859467 -1.80403693
  0.37554969 -1.05917622 -0.63843288 -0.08425138 -0.10667574  0.20008098
  0.56310828  0.12812286 -0.9752329   1.87179458 -0.36628036 -0.69884233
  0.18175847  0.82708308  0.86351725 -0.37156161 -0.50748374  0.77199999
 -1.73537118 -0.48935907 -0.57031451  1.35807309 -1.43153031 -0.50437539
 -0.87444578  0.71958992  0.88307379 -0.74596047 -0.05185731 -0.20516507
 -0.03038367 -1.07909479  0.66075525  0.38766439  1.77805016  0.16557793
 -0.32712419 -0.88584287]
